e:\dev\nyxengine\nyxengine\vendor\glfw\binaries\debug-windows-x86_64\glfw\glfw.pdb
e:\dev\nyxengine\nyxengine\vendor\glfw\binaries\debug-windows-x86_64\glfw\glfw.idb
e:\dev\nyxengine\nyxengine\vendor\glfw\intermediate\debug-windows-x86_64\glfw\window.obj
e:\dev\nyxengine\nyxengine\vendor\glfw\intermediate\debug-windows-x86_64\glfw\win32_window.obj
e:\dev\nyxengine\nyxengine\vendor\glfw\intermediate\debug-windows-x86_64\glfw\win32_time.obj
e:\dev\nyxengine\nyxengine\vendor\glfw\intermediate\debug-windows-x86_64\glfw\win32_thread.obj
e:\dev\nyxengine\nyxengine\vendor\glfw\intermediate\debug-windows-x86_64\glfw\win32_monitor.obj
e:\dev\nyxengine\nyxengine\vendor\glfw\intermediate\debug-windows-x86_64\glfw\win32_joystick.obj
e:\dev\nyxengine\nyxengine\vendor\glfw\intermediate\debug-windows-x86_64\glfw\win32_init.obj
e:\dev\nyxengine\nyxengine\vendor\glfw\intermediate\debug-windows-x86_64\glfw\wgl_context.obj
e:\dev\nyxengine\nyxengine\vendor\glfw\intermediate\debug-windows-x86_64\glfw\vulkan.obj
e:\dev\nyxengine\nyxengine\vendor\glfw\intermediate\debug-windows-x86_64\glfw\platform.obj
e:\dev\nyxengine\nyxengine\vendor\glfw\intermediate\debug-windows-x86_64\glfw\osmesa_context.obj
e:\dev\nyxengine\nyxengine\vendor\glfw\intermediate\debug-windows-x86_64\glfw\null_init.obj
e:\dev\nyxengine\nyxengine\vendor\glfw\intermediate\debug-windows-x86_64\glfw\monitor.obj
e:\dev\nyxengine\nyxengine\vendor\glfw\intermediate\debug-windows-x86_64\glfw\input.obj
e:\dev\nyxengine\nyxengine\vendor\glfw\intermediate\debug-windows-x86_64\glfw\init.obj
e:\dev\nyxengine\nyxengine\vendor\glfw\intermediate\debug-windows-x86_64\glfw\egl_context.obj
e:\dev\nyxengine\nyxengine\vendor\glfw\intermediate\debug-windows-x86_64\glfw\context.obj
e:\dev\nyxengine\nyxengine\vendor\glfw\intermediate\debug-windows-x86_64\glfw\win32_module.obj
e:\dev\nyxengine\nyxengine\vendor\glfw\binaries\debug-windows-x86_64\glfw\glfw.lib
e:\dev\nyxengine\nyxengine\vendor\glfw\intermediate\debug-windows-x86_64\glfw\glfw.tlog\cl.command.1.tlog
e:\dev\nyxengine\nyxengine\vendor\glfw\intermediate\debug-windows-x86_64\glfw\glfw.tlog\cl.items.tlog
e:\dev\nyxengine\nyxengine\vendor\glfw\intermediate\debug-windows-x86_64\glfw\glfw.tlog\cl.read.1.tlog
e:\dev\nyxengine\nyxengine\vendor\glfw\intermediate\debug-windows-x86_64\glfw\glfw.tlog\cl.write.1.tlog
e:\dev\nyxengine\nyxengine\vendor\glfw\intermediate\debug-windows-x86_64\glfw\glfw.tlog\lib-link.read.1.tlog
e:\dev\nyxengine\nyxengine\vendor\glfw\intermediate\debug-windows-x86_64\glfw\glfw.tlog\lib-link.write.1.tlog
e:\dev\nyxengine\nyxengine\vendor\glfw\intermediate\debug-windows-x86_64\glfw\glfw.tlog\lib.command.1.tlog
